TN:
SF:src/lib/legacy/blockchain-service.ts
FN:1,(anonymous_0)
FN:6,(anonymous_1)
FN:28,(anonymous_2)
FN:35,(anonymous_3)
FN:42,(anonymous_4)
FN:53,(anonymous_5)
FN:63,(anonymous_6)
FN:73,(anonymous_7)
FN:83,(anonymous_8)
FN:93,(anonymous_9)
FNF:10
FNH:10
FNDA:16,(anonymous_0)
FNDA:7,(anonymous_1)
FNDA:3,(anonymous_2)
FNDA:3,(anonymous_3)
FNDA:1,(anonymous_4)
FNDA:2,(anonymous_5)
FNDA:1,(anonymous_6)
FNDA:1,(anonymous_7)
FNDA:1,(anonymous_8)
FNDA:1,(anonymous_9)
DA:1,1
DA:2,16
DA:3,16
DA:4,16
DA:7,7
DA:10,6
DA:18,6
DA:25,6
DA:29,3
DA:30,1
DA:32,3
DA:36,3
DA:37,1
DA:39,3
DA:43,1
DA:54,2
DA:64,1
DA:74,1
DA:84,1
DA:94,1
LF:20
LH:20
BRDA:7,0,0,1
BRDA:7,0,1,6
BRDA:29,1,0,1
BRDA:29,1,1,2
BRDA:36,2,0,1
BRDA:36,2,1,2
BRDA:47,3,0,1
BRDA:47,3,1,1
BRDA:47,4,0,1
BRDA:47,4,1,0
BRDA:47,5,0,1
BRDA:47,5,1,0
BRF:12
BRH:10
end_of_record
TN:
SF:src/lib/legacy/socket.ts
FN:3,(anonymous_0)
FN:4,(anonymous_1)
FN:8,(anonymous_2)
FN:18,(anonymous_3)
FNF:4
FNH:1
FNDA:4,(anonymous_0)
FNDA:0,(anonymous_1)
FNDA:0,(anonymous_2)
FNDA:0,(anonymous_3)
DA:3,1
DA:4,4
DA:5,0
DA:8,0
DA:10,0
DA:18,0
DA:19,0
DA:23,0
LF:8
LH:2
BRF:0
BRH:0
end_of_record
